<?xml version="1.0" encoding="UTF-8"?>
<!-- Generated by org.testng.reporters.JUnitReportReporter -->
<testsuite hostname="DESKTOP-42ALJV1" name="com.web.copyRunnerClass5" tests="1" failures="0" timestamp="22 May 2019 11:09:58 GMT" time="0.062" errors="0">
  <testcase name="feature" time="0.062" classname="com.web.copyRunnerClass5"/>
</testsuite> <!-- com.web.copyRunnerClass5 -->
