<?xml version="1.0" encoding="UTF-8"?>
<!-- Generated by org.testng.reporters.JUnitReportReporter -->
<testsuite hostname="INL4L4P4M2" name="com.web.copyRunnerClass6" tests="1" failures="0" timestamp="24 Aug 2019 07:11:18 GMT" time="41.015" errors="0">
  <testcase name="feature" time="41.015" classname="com.web.copyRunnerClass6"/>
</testsuite> <!-- com.web.copyRunnerClass6 -->
